<?xml version="1.0" encoding="UTF-8"?>
<!-- Generated by org.testng.reporters.JUnitReportReporter -->
<testsuite skipped="0" hostname="SCHITTIREDDY-PK" name="mavenJenkinSampleRun.mavenJenkinSampleRun.ClassA" tests="9" failures="0" timestamp="2021-01-29T17:34:22 CST" time="0.011" errors="0">
  <testcase name="kk" time="0.000" classname="mavenJenkinSampleRun.mavenJenkinSampleRun.ClassA"/>
  <system-out/>
  <testcase name="bb" time="0.001" classname="mavenJenkinSampleRun.mavenJenkinSampleRun.ClassA"/>
  <system-out/>
  <testcase name="dd" time="0.001" classname="mavenJenkinSampleRun.mavenJenkinSampleRun.ClassA"/>
  <system-out/>
  <testcase name="ff" time="0.000" classname="mavenJenkinSampleRun.mavenJenkinSampleRun.ClassA"/>
  <system-out/>
  <testcase name="cc" time="0.001" classname="mavenJenkinSampleRun.mavenJenkinSampleRun.ClassA"/>
  <system-out/>
  <testcase name="gg" time="0.001" classname="mavenJenkinSampleRun.mavenJenkinSampleRun.ClassA"/>
  <system-out/>
  <testcase name="hh" time="0.001" classname="mavenJenkinSampleRun.mavenJenkinSampleRun.ClassA"/>
  <system-out/>
  <testcase name="ee" time="0.000" classname="mavenJenkinSampleRun.mavenJenkinSampleRun.ClassA"/>
  <system-out/>
  <testcase name="aa" time="0.006" classname="mavenJenkinSampleRun.mavenJenkinSampleRun.ClassA"/>
  <system-out/>
</testsuite> <!-- mavenJenkinSampleRun.mavenJenkinSampleRun.ClassA -->
